============================= test session starts ==============================
platform darwin -- Python 3.13.4, pytest-9.0.2, pluggy-1.6.0 -- /Users/prabhu.ramachandran/job-monitor/venv/bin/python3
cachedir: .pytest_cache
rootdir: /Users/prabhu.ramachandran/job-monitor
configfile: pytest.ini
plugins: anyio-4.12.0, cov-7.0.0
collecting ... collected 3 items

tests/test_matching_performance.py::TestMatchingPerformance::test_01_count_unmatched_jobs 
‚úì Using existing test user: performance_test@test.com (ID: 88)

üìä Performance Baseline:
   Unmatched jobs: 2090
   Query time: 3.14s
PASSED
tests/test_matching_performance.py::TestMatchingPerformance::test_02_matching_performance_full 
üöÄ Starting full matching test with 2090 jobs...
FAILED
tests/test_matching_performance.py::TestMatchingPerformance::test_03_performance_breakdown 
üîç Performance Breakdown Analysis:

1Ô∏è‚É£  Database Query:
   Time: 2.54s
   Jobs: 2090

2Ô∏è‚É£  Get CV Profile:
   Time: 0.50s
PASSED

=================================== FAILURES ===================================
__________ TestMatchingPerformance.test_02_matching_performance_full ___________
tests/test_matching_performance.py:189: in test_02_matching_performance_full
    assert cv_profile is not None, "CV profile not found"
E   AssertionError: CV profile not found
E   assert None is not None
=========================== short test summary info ============================
FAILED tests/test_matching_performance.py::TestMatchingPerformance::test_02_matching_performance_full
========================= 1 failed, 2 passed in 11.24s =========================
